c:\users\sam\documents\visual studio 2015\projects\pcmonitorgui\pcmonitorgui\debug\pcmonitorgui.pch
c:\users\sam\documents\visual studio 2015\projects\pcmonitorgui\pcmonitorgui\debug\vc140.pdb
c:\users\sam\documents\visual studio 2015\projects\pcmonitorgui\pcmonitorgui\debug\vc140.idb
c:\users\sam\documents\visual studio 2015\projects\pcmonitorgui\pcmonitorgui\debug\stdafx.obj
c:\users\sam\documents\visual studio 2015\projects\pcmonitorgui\pcmonitorgui\debug\networkthread.obj
c:\users\sam\documents\visual studio 2015\projects\pcmonitorgui\pcmonitorgui\debug\pcmonitorgui.obj
c:\users\sam\documents\visual studio 2015\projects\pcmonitorgui\pcmonitorgui\debug\pcmonitorguidlg.obj
c:\users\sam\documents\visual studio 2015\projects\pcmonitorgui\pcmonitorgui\debug\commander.obj
c:\users\sam\documents\visual studio 2015\projects\pcmonitorgui\debug\pcmonitorgui.ilk
c:\users\sam\documents\visual studio 2015\projects\pcmonitorgui\debug\pcmonitorgui.exe
c:\users\sam\documents\visual studio 2015\projects\pcmonitorgui\debug\pcmonitorgui.pdb
c:\users\sam\documents\visual studio 2015\projects\pcmonitorgui\pcmonitorgui\debug\pcmonitorgui.res
c:\users\sam\documents\visual studio 2015\projects\pcmonitorgui\pcmonitorgui\debug\pcmonitorgui.tlog\cl.command.1.tlog
c:\users\sam\documents\visual studio 2015\projects\pcmonitorgui\pcmonitorgui\debug\pcmonitorgui.tlog\cl.read.1.tlog
c:\users\sam\documents\visual studio 2015\projects\pcmonitorgui\pcmonitorgui\debug\pcmonitorgui.tlog\cl.write.1.tlog
c:\users\sam\documents\visual studio 2015\projects\pcmonitorgui\pcmonitorgui\debug\pcmonitorgui.tlog\link.command.1.tlog
c:\users\sam\documents\visual studio 2015\projects\pcmonitorgui\pcmonitorgui\debug\pcmonitorgui.tlog\link.read.1.tlog
c:\users\sam\documents\visual studio 2015\projects\pcmonitorgui\pcmonitorgui\debug\pcmonitorgui.tlog\link.write.1.tlog
c:\users\sam\documents\visual studio 2015\projects\pcmonitorgui\pcmonitorgui\debug\pcmonitorgui.tlog\rc.command.1.tlog
c:\users\sam\documents\visual studio 2015\projects\pcmonitorgui\pcmonitorgui\debug\pcmonitorgui.tlog\rc.read.1.tlog
c:\users\sam\documents\visual studio 2015\projects\pcmonitorgui\pcmonitorgui\debug\pcmonitorgui.tlog\rc.write.1.tlog
